2019-03-27 12:59:17,659 ----------------------------------------------------------------------------------------------------
2019-03-27 12:59:17,659 ----------------------------------------------------------------------------------------------------
2019-03-27 12:59:17,659 ----------------------------------------------------------------------------------------------------
2019-03-27 12:59:17,659 ----------------------------------------------------------------------------------------------------
2019-03-27 12:59:17,659 ----------------------------------------------------------------------------------------------------
2019-03-27 12:59:17,660 Evaluation method: MICRO_F1_SCORE
2019-03-27 12:59:17,660 Evaluation method: MICRO_F1_SCORE
2019-03-27 12:59:17,660 Evaluation method: MICRO_F1_SCORE
2019-03-27 12:59:17,660 Evaluation method: MICRO_F1_SCORE
2019-03-27 12:59:17,660 Evaluation method: MICRO_F1_SCORE
2019-03-27 12:59:17,665 ----------------------------------------------------------------------------------------------------
2019-03-27 12:59:17,665 ----------------------------------------------------------------------------------------------------
2019-03-27 12:59:17,665 ----------------------------------------------------------------------------------------------------
2019-03-27 12:59:17,665 ----------------------------------------------------------------------------------------------------
2019-03-27 12:59:17,665 ----------------------------------------------------------------------------------------------------
2019-03-27 12:59:21,698 epoch 1 - iter 0/4041 - loss 0.02329264
2019-03-27 12:59:21,698 epoch 1 - iter 0/4041 - loss 0.02329264
2019-03-27 12:59:21,698 epoch 1 - iter 0/4041 - loss 0.02329264
2019-03-27 12:59:21,698 epoch 1 - iter 0/4041 - loss 0.02329264
2019-03-27 12:59:21,698 epoch 1 - iter 0/4041 - loss 0.02329264
2019-03-27 14:04:45,136 epoch 1 - iter 404/4041 - loss 0.03441578
2019-03-27 14:04:45,136 epoch 1 - iter 404/4041 - loss 0.03441578
2019-03-27 14:04:45,136 epoch 1 - iter 404/4041 - loss 0.03441578
2019-03-27 14:04:45,136 epoch 1 - iter 404/4041 - loss 0.03441578
2019-03-27 14:04:45,136 epoch 1 - iter 404/4041 - loss 0.03441578
2019-03-27 14:27:25,013 epoch 1 - iter 808/4041 - loss 0.03163803
2019-03-27 14:27:25,013 epoch 1 - iter 808/4041 - loss 0.03163803
2019-03-27 14:27:25,013 epoch 1 - iter 808/4041 - loss 0.03163803
2019-03-27 14:27:25,013 epoch 1 - iter 808/4041 - loss 0.03163803
2019-03-27 14:27:25,013 epoch 1 - iter 808/4041 - loss 0.03163803
2019-03-27 16:37:44,511 epoch 1 - iter 1212/4041 - loss 0.03086518
2019-03-27 16:37:44,511 epoch 1 - iter 1212/4041 - loss 0.03086518
2019-03-27 16:37:44,511 epoch 1 - iter 1212/4041 - loss 0.03086518
2019-03-27 16:37:44,511 epoch 1 - iter 1212/4041 - loss 0.03086518
2019-03-27 16:37:44,511 epoch 1 - iter 1212/4041 - loss 0.03086518
2019-03-27 20:13:55,011 ----------------------------------------------------------------------------------------------------
2019-03-27 20:13:55,011 ----------------------------------------------------------------------------------------------------
2019-03-27 20:13:55,011 ----------------------------------------------------------------------------------------------------
2019-03-27 20:13:55,011 ----------------------------------------------------------------------------------------------------
2019-03-27 20:13:55,011 ----------------------------------------------------------------------------------------------------
2019-03-27 20:13:55,035 Exiting from training early.
2019-03-27 20:13:55,035 Exiting from training early.
2019-03-27 20:13:55,035 Exiting from training early.
2019-03-27 20:13:55,035 Exiting from training early.
2019-03-27 20:13:55,035 Exiting from training early.
2019-03-27 20:13:55,037 Saving model ...
2019-03-27 20:13:55,037 Saving model ...
2019-03-27 20:13:55,037 Saving model ...
2019-03-27 20:13:55,037 Saving model ...
2019-03-27 20:13:55,037 Saving model ...
